<?xml version="1.0" encoding="UTF-8"?>
<testsuite name="com.knowledge.data_source.test.SalesForceSourceTest" time="3.847" tests="4" errors="3" skipped="0" failures="0">
  <properties>
    <property name="java.runtime.name" value="Java(TM) SE Runtime Environment"/>
    <property name="sun.boot.library.path" value="/usr/lib/jvm/java-8-oracle/jre/lib/amd64"/>
    <property name="java.vm.version" value="25.201-b09"/>
    <property name="java.vm.vendor" value="Oracle Corporation"/>
    <property name="maven.multiModuleProjectDirectory" value="/home/kiran/git/salesforceDatasource/data-source"/>
    <property name="java.vendor.url" value="http://java.oracle.com/"/>
    <property name="path.separator" value=":"/>
    <property name="guice.disable.misplaced.annotation.check" value="true"/>
    <property name="java.vm.name" value="Java HotSpot(TM) 64-Bit Server VM"/>
    <property name="file.encoding.pkg" value="sun.io"/>
    <property name="user.country" value="IN"/>
    <property name="sun.java.launcher" value="SUN_STANDARD"/>
    <property name="sun.os.patch.level" value="unknown"/>
    <property name="java.vm.specification.name" value="Java Virtual Machine Specification"/>
    <property name="user.dir" value="/home/kiran/git/salesforceDatasource/data-source"/>
    <property name="java.runtime.version" value="1.8.0_201-b09"/>
    <property name="java.awt.graphicsenv" value="sun.awt.X11GraphicsEnvironment"/>
    <property name="java.endorsed.dirs" value="/usr/lib/jvm/java-8-oracle/jre/lib/endorsed"/>
    <property name="os.arch" value="amd64"/>
    <property name="java.io.tmpdir" value="/tmp"/>
    <property name="line.separator" value="&#10;"/>
    <property name="java.vm.specification.vendor" value="Oracle Corporation"/>
    <property name="os.name" value="Linux"/>
    <property name="classworlds.conf" value="/home/kiran/flytxt/.metadata/.plugins/org.eclipse.m2e.launching/launches/m2conf1623193765075566209.tmp"/>
    <property name="sun.jnu.encoding" value="UTF-8"/>
    <property name="java.library.path" value="/usr/java/packages/lib/amd64:/usr/lib64:/lib64:/lib:/usr/lib"/>
    <property name="java.specification.name" value="Java Platform API Specification"/>
    <property name="java.class.version" value="52.0"/>
    <property name="sun.management.compiler" value="HotSpot 64-Bit Tiered Compilers"/>
    <property name="os.version" value="4.10.0-38-generic"/>
    <property name="user.home" value="/home/kiran"/>
    <property name="user.timezone" value="Asia/Kolkata"/>
    <property name="java.awt.printerjob" value="sun.print.PSPrinterJob"/>
    <property name="file.encoding" value="UTF-8"/>
    <property name="java.specification.version" value="1.8"/>
    <property name="user.name" value="kiran"/>
    <property name="java.class.path" value="/home/kiran/eclipse1/eclipse/plugins/org.eclipse.m2e.maven.runtime_1.7.0.20160603-1931/jars/plexus-classworlds-2.5.2.jar"/>
    <property name="java.vm.specification.version" value="1.8"/>
    <property name="sun.arch.data.model" value="64"/>
    <property name="java.home" value="/usr/lib/jvm/java-8-oracle/jre"/>
    <property name="sun.java.command" value="org.codehaus.plexus.classworlds.launcher.Launcher -B -s /home/kiran/.m2/settings.xml install"/>
    <property name="java.specification.vendor" value="Oracle Corporation"/>
    <property name="user.language" value="en"/>
    <property name="awt.toolkit" value="sun.awt.X11.XToolkit"/>
    <property name="java.vm.info" value="mixed mode"/>
    <property name="java.version" value="1.8.0_201"/>
    <property name="java.ext.dirs" value="/usr/lib/jvm/java-8-oracle/jre/lib/ext:/usr/java/packages/lib/ext"/>
    <property name="securerandom.source" value="file:/dev/./urandom"/>
    <property name="sun.boot.class.path" value="/usr/lib/jvm/java-8-oracle/jre/lib/resources.jar:/usr/lib/jvm/java-8-oracle/jre/lib/rt.jar:/usr/lib/jvm/java-8-oracle/jre/lib/sunrsasign.jar:/usr/lib/jvm/java-8-oracle/jre/lib/jsse.jar:/usr/lib/jvm/java-8-oracle/jre/lib/jce.jar:/usr/lib/jvm/java-8-oracle/jre/lib/charsets.jar:/usr/lib/jvm/java-8-oracle/jre/lib/jfr.jar:/usr/lib/jvm/java-8-oracle/jre/classes"/>
    <property name="java.vendor" value="Oracle Corporation"/>
    <property name="maven.home" value="/home/kiran/git/salesforceDatasource/data-source/EMBEDDED"/>
    <property name="file.separator" value="/"/>
    <property name="java.vendor.url.bug" value="http://bugreport.sun.com/bugreport/"/>
    <property name="sun.cpu.endian" value="little"/>
    <property name="sun.io.unicode.encoding" value="UnicodeLittle"/>
    <property name="sun.cpu.isalist" value=""/>
  </properties>
  <testcase name="salesforceAttributeListing" classname="com.knowledge.data_source.test.SalesForceSourceTest" time="2.923">
    <error type="com.sforce.soap.partner.fault.LoginFault:"><![CDATA[com.sforce.soap.partner.fault.LoginFault: null
	at sun.reflect.NativeConstructorAccessorImpl.newInstance0(Native Method)
	at sun.reflect.NativeConstructorAccessorImpl.newInstance(NativeConstructorAccessorImpl.java:62)
	at sun.reflect.DelegatingConstructorAccessorImpl.newInstance(DelegatingConstructorAccessorImpl.java:45)
	at java.lang.reflect.Constructor.newInstance(Constructor.java:423)
	at java.lang.Class.newInstance(Class.java:442)
	at com.sforce.ws.bind.TypeMapper.readSingle(TypeMapper.java:677)
	at com.sforce.ws.bind.TypeMapper.readObject(TypeMapper.java:560)
	at com.sforce.ws.transport.SoapConnection.parseDetail(SoapConnection.java:250)
	at com.sforce.ws.transport.SoapConnection.createException(SoapConnection.java:224)
	at com.sforce.ws.transport.SoapConnection.receive(SoapConnection.java:163)
	at com.sforce.ws.transport.SoapConnection.send(SoapConnection.java:108)
	at com.sforce.soap.partner.PartnerConnection.login(PartnerConnection.java:818)
	at com.sforce.soap.partner.PartnerConnection.<init>(PartnerConnection.java:427)
	at com.knowledge.datasource.salesforce.ExternalSalesForceSource.getBulkConnection(ExternalSalesForceSource.java:315)
	at com.knowledge.datasource.salesforce.ExternalSalesForceSource.openDataSource(ExternalSalesForceSource.java:85)
	at com.knowledge.datasource.salesforce.ExternalSalesForceSource.getObjectAttribute(ExternalSalesForceSource.java:139)
	at com.knowledge.data_source.test.SalesForceSourceTest.salesforceAttributeListing(SalesForceSourceTest.java:39)
]]></error>
  </testcase>
  <testcase name="salesforceObjectlisting" classname="com.knowledge.data_source.test.SalesForceSourceTest" time="0.344">
    <error type="com.sforce.soap.partner.fault.LoginFault:"><![CDATA[com.sforce.soap.partner.fault.LoginFault: null
	at sun.reflect.NativeConstructorAccessorImpl.newInstance0(Native Method)
	at sun.reflect.NativeConstructorAccessorImpl.newInstance(NativeConstructorAccessorImpl.java:62)
	at sun.reflect.DelegatingConstructorAccessorImpl.newInstance(DelegatingConstructorAccessorImpl.java:45)
	at java.lang.reflect.Constructor.newInstance(Constructor.java:423)
	at java.lang.Class.newInstance(Class.java:442)
	at com.sforce.ws.bind.TypeMapper.readSingle(TypeMapper.java:677)
	at com.sforce.ws.bind.TypeMapper.readObject(TypeMapper.java:560)
	at com.sforce.ws.transport.SoapConnection.parseDetail(SoapConnection.java:250)
	at com.sforce.ws.transport.SoapConnection.createException(SoapConnection.java:224)
	at com.sforce.ws.transport.SoapConnection.receive(SoapConnection.java:163)
	at com.sforce.ws.transport.SoapConnection.send(SoapConnection.java:108)
	at com.sforce.soap.partner.PartnerConnection.login(PartnerConnection.java:818)
	at com.sforce.soap.partner.PartnerConnection.<init>(PartnerConnection.java:427)
	at com.knowledge.datasource.salesforce.ExternalSalesForceSource.getBulkConnection(ExternalSalesForceSource.java:315)
	at com.knowledge.datasource.salesforce.ExternalSalesForceSource.openDataSource(ExternalSalesForceSource.java:85)
	at com.knowledge.datasource.salesforce.ExternalSalesForceSource.getObjects(ExternalSalesForceSource.java:122)
	at com.knowledge.data_source.test.SalesForceSourceTest.salesforceObjectlisting(SalesForceSourceTest.java:44)
]]></error>
  </testcase>
  <testcase name="salesforceQueryExecution" classname="com.knowledge.data_source.test.SalesForceSourceTest" time="0.293">
    <error type="com.sforce.soap.partner.fault.LoginFault:"><![CDATA[com.sforce.soap.partner.fault.LoginFault: null
	at sun.reflect.NativeConstructorAccessorImpl.newInstance0(Native Method)
	at sun.reflect.NativeConstructorAccessorImpl.newInstance(NativeConstructorAccessorImpl.java:62)
	at sun.reflect.DelegatingConstructorAccessorImpl.newInstance(DelegatingConstructorAccessorImpl.java:45)
	at java.lang.reflect.Constructor.newInstance(Constructor.java:423)
	at java.lang.Class.newInstance(Class.java:442)
	at com.sforce.ws.bind.TypeMapper.readSingle(TypeMapper.java:677)
	at com.sforce.ws.bind.TypeMapper.readObject(TypeMapper.java:560)
	at com.sforce.ws.transport.SoapConnection.parseDetail(SoapConnection.java:250)
	at com.sforce.ws.transport.SoapConnection.createException(SoapConnection.java:224)
	at com.sforce.ws.transport.SoapConnection.receive(SoapConnection.java:163)
	at com.sforce.ws.transport.SoapConnection.send(SoapConnection.java:108)
	at com.sforce.soap.partner.PartnerConnection.login(PartnerConnection.java:818)
	at com.sforce.soap.partner.PartnerConnection.<init>(PartnerConnection.java:427)
	at com.knowledge.datasource.salesforce.ExternalSalesForceSource.getBulkConnection(ExternalSalesForceSource.java:315)
	at com.knowledge.datasource.salesforce.ExternalSalesForceSource.openDataSource(ExternalSalesForceSource.java:85)
	at com.knowledge.datasource.salesforce.ExternalSalesForceSource.query(ExternalSalesForceSource.java:101)
	at com.knowledge.data_source.test.SalesForceSourceTest.salesforceQueryExecution(SalesForceSourceTest.java:51)
]]></error>
  </testcase>
  <testcase name="connectionTest" classname="com.knowledge.data_source.test.SalesForceSourceTest" time="0.287"/>
</testsuite>